<?xml version="1.0" encoding="UTF-8"?>
<Site BuildName="(empty)"
	BuildStamp="20240701-1609-Experimental"
	Name="rae-Asus-TUF-Dash-F15"
	Generator="ctest-3.22.1"
	CompilerName="/usr/bin/c++"
	CompilerVersion="11.4.0"
	OSName="Linux"
	Hostname="rae-Asus-TUF-Dash-F15"
	OSRelease="6.5.0-41-generic"
	OSVersion="#41~22.04.2-Ubuntu SMP PREEMPT_DYNAMIC Mon Jun  3 11:32:55 UTC 2"
	OSPlatform="x86_64"
	Is64Bits="1"
	VendorString="GenuineIntel"
	VendorID="Intel Corporation"
	FamilyID="6"
	ModelID="140"
	ProcessorCacheSize="8192"
	NumberOfLogicalCPU="8"
	NumberOfPhysicalCPU="4"
	TotalVirtualMemory="2047"
	TotalPhysicalMemory="23717"
	LogicalProcessorsPerPhysical="2"
	ProcessorClockFrequency="3702.13"
	>
	<Testing>
		<StartDateTime>Jul 02 00:25 +08</StartDateTime>
		<StartTestTime>1719851106</StartTestTime>
		<TestList/>
		<EndDateTime>Jul 02 00:25 +08</EndDateTime>
		<EndTestTime>1719851106</EndTestTime>
		<ElapsedMinutes>0</ElapsedMinutes>
	</Testing>
</Site>
